#-----------------------------------------------------------
# Vivado v2019.1 (64-bit)
# SW Build 2552052 on Fri May 24 14:49:42 MDT 2019
# IP Build 2548770 on Fri May 24 18:01:18 MDT 2019
# Start of session at: Fri Apr 15 00:48:27 2022
# Process ID: 19576
# Current directory: C:/Users/yvvan/Documents/Research/Approximate Computing/MAC_array
# Command line: vivado.exe -gui_launcher_event rodinguilauncherevent13372 C:\Users\yvvan\Documents\Research\Approximate Computing\MAC_array\MAC_array.xpr
# Log file: C:/Users/yvvan/Documents/Research/Approximate Computing/MAC_array/vivado.log
# Journal file: C:/Users/yvvan/Documents/Research/Approximate Computing/MAC_array\vivado.jou
#-----------------------------------------------------------
start_gui
open_project {C:/Users/yvvan/Documents/Research/Approximate Computing/MAC_array/MAC_array.xpr}
Scanning sources...
Finished scanning sources
INFO: [IP_Flow 19-234] Refreshing IP repositories
INFO: [IP_Flow 19-1704] No user IP repositories specified
INFO: [IP_Flow 19-2313] Loaded Vivado IP repository 'C:/Xilinx/Vivado/2019.1/data/ip'.
open_project: Time (s): cpu = 00:00:16 ; elapsed = 00:00:09 . Memory (MB): peak = 819.074 ; gain = 183.355
update_compile_order -fileset sources_1
close [ open {C:/Users/yvvan/Documents/Research/Approximate Computing/MAC_array/MAC_array.srcs/sources_1/new/register.v} w ]
add_files {{C:/Users/yvvan/Documents/Research/Approximate Computing/MAC_array/MAC_array.srcs/sources_1/new/register.v}}
update_compile_order -fileset sources_1
exit
INFO: [Common 17-206] Exiting Vivado at Fri Apr 15 00:52:49 2022...
