#-----------------------------------------------------------
# Vivado v2019.1 (64-bit)
# SW Build 2552052 on Fri May 24 14:49:42 MDT 2019
# IP Build 2548770 on Fri May 24 18:01:18 MDT 2019
# Start of session at: Mon May  9 15:38:46 2022
# Process ID: 24480
# Current directory: C:/Users/yvvan/Documents/VSCLAB Research/Approximate Computing/mac_array_4x4
# Command line: vivado.exe -gui_launcher_event rodinguilauncherevent6804 C:\Users\yvvan\Documents\VSCLAB Research\Approximate Computing\mac_array_4x4\mac_array_4x4.xpr
# Log file: C:/Users/yvvan/Documents/VSCLAB Research/Approximate Computing/mac_array_4x4/vivado.log
# Journal file: C:/Users/yvvan/Documents/VSCLAB Research/Approximate Computing/mac_array_4x4\vivado.jou
#-----------------------------------------------------------
start_gui
open_project {C:/Users/yvvan/Documents/VSCLAB Research/Approximate Computing/mac_array_4x4/mac_array_4x4.xpr}
Scanning sources...
Finished scanning sources
INFO: [IP_Flow 19-234] Refreshing IP repositories
INFO: [IP_Flow 19-1704] No user IP repositories specified
INFO: [IP_Flow 19-2313] Loaded Vivado IP repository 'C:/Xilinx/Vivado/2019.1/data/ip'.
open_project: Time (s): cpu = 00:00:19 ; elapsed = 00:00:08 . Memory (MB): peak = 849.121 ; gain = 167.969
update_compile_order -fileset sources_1
synth_design -rtl -name rtl_1
Command: synth_design -rtl -name rtl_1
Starting synth_design
Using part: xc7a35tcpg236-1
Top: mac_array_4x4
INFO: [Device 21-403] Loading part xc7a35tcpg236-1
---------------------------------------------------------------------------------
Starting RTL Elaboration : Time (s): cpu = 00:00:04 ; elapsed = 00:00:03 . Memory (MB): peak = 1233.965 ; gain = 175.289
---------------------------------------------------------------------------------
INFO: [Synth 8-6157] synthesizing module 'mac_array_4x4' [C:/Users/yvvan/Documents/VSCLAB Research/Approximate Computing/mac_array_4x4/mac_array_4x4.srcs/sources_1/new/mac_array_4x4.v:22]
INFO: [Synth 8-6157] synthesizing module 'mac_unit' [C:/Users/yvvan/Documents/VSCLAB Research/Approximate Computing/mac_array_4x4/mac_array_4x4.srcs/sources_1/new/mac_unit.v:23]
INFO: [Synth 8-6157] synthesizing module 'register' [C:/Users/yvvan/Documents/VSCLAB Research/Approximate Computing/mac_array_4x4/mac_array_4x4.srcs/sources_1/new/register.v:23]
	Parameter WORD_SIZE bound to: 8 - type: integer 
INFO: [Synth 8-6155] done synthesizing module 'register' (1#1) [C:/Users/yvvan/Documents/VSCLAB Research/Approximate Computing/mac_array_4x4/mac_array_4x4.srcs/sources_1/new/register.v:23]
ERROR: [Synth 8-439] module 'multiplier' not found [C:/Users/yvvan/Documents/VSCLAB Research/Approximate Computing/mac_array_4x4/mac_array_4x4.srcs/sources_1/new/mac_unit.v:40]
ERROR: [Synth 8-6156] failed synthesizing module 'mac_unit' [C:/Users/yvvan/Documents/VSCLAB Research/Approximate Computing/mac_array_4x4/mac_array_4x4.srcs/sources_1/new/mac_unit.v:23]
ERROR: [Synth 8-6156] failed synthesizing module 'mac_array_4x4' [C:/Users/yvvan/Documents/VSCLAB Research/Approximate Computing/mac_array_4x4/mac_array_4x4.srcs/sources_1/new/mac_array_4x4.v:22]
---------------------------------------------------------------------------------
Finished RTL Elaboration : Time (s): cpu = 00:00:04 ; elapsed = 00:00:04 . Memory (MB): peak = 1275.750 ; gain = 217.074
---------------------------------------------------------------------------------
RTL Elaboration failed
5 Infos, 0 Warnings, 0 Critical Warnings and 4 Errors encountered.
synth_design failed
ERROR: [Vivado_Tcl 4-5] Elaboration failed - please see the console for details
close [ open {C:/Users/yvvan/Documents/VSCLAB Research/Approximate Computing/mac_array_4x4/mac_array_4x4.srcs/sources_1/new/multiplier.v} w ]
add_files {{C:/Users/yvvan/Documents/VSCLAB Research/Approximate Computing/mac_array_4x4/mac_array_4x4.srcs/sources_1/new/multiplier.v}}
update_compile_order -fileset sources_1
synth_design -rtl -name rtl_1
Command: synth_design -rtl -name rtl_1
Starting synth_design
Using part: xc7a35tcpg236-1
Top: mac_array_4x4
---------------------------------------------------------------------------------
Starting RTL Elaboration : Time (s): cpu = 00:00:04 ; elapsed = 00:00:03 . Memory (MB): peak = 1275.750 ; gain = 0.000
---------------------------------------------------------------------------------
INFO: [Synth 8-6157] synthesizing module 'mac_array_4x4' [C:/Users/yvvan/Documents/VSCLAB Research/Approximate Computing/mac_array_4x4/mac_array_4x4.srcs/sources_1/new/mac_array_4x4.v:22]
INFO: [Synth 8-6157] synthesizing module 'mac_unit' [C:/Users/yvvan/Documents/VSCLAB Research/Approximate Computing/mac_array_4x4/mac_array_4x4.srcs/sources_1/new/mac_unit.v:23]
INFO: [Synth 8-6157] synthesizing module 'register' [C:/Users/yvvan/Documents/VSCLAB Research/Approximate Computing/mac_array_4x4/mac_array_4x4.srcs/sources_1/new/register.v:23]
	Parameter WORD_SIZE bound to: 8 - type: integer 
INFO: [Synth 8-6155] done synthesizing module 'register' (1#1) [C:/Users/yvvan/Documents/VSCLAB Research/Approximate Computing/mac_array_4x4/mac_array_4x4.srcs/sources_1/new/register.v:23]
INFO: [Synth 8-6157] synthesizing module 'multiplier' [C:/Users/yvvan/Documents/VSCLAB Research/Approximate Computing/mac_array_4x4/mac_array_4x4.srcs/sources_1/new/multiplier.v:23]
	Parameter WORD_SIZE bound to: 8 - type: integer 
INFO: [Synth 8-6155] done synthesizing module 'multiplier' (2#1) [C:/Users/yvvan/Documents/VSCLAB Research/Approximate Computing/mac_array_4x4/mac_array_4x4.srcs/sources_1/new/multiplier.v:23]
INFO: [Synth 8-6157] synthesizing module 'register__parameterized0' [C:/Users/yvvan/Documents/VSCLAB Research/Approximate Computing/mac_array_4x4/mac_array_4x4.srcs/sources_1/new/register.v:23]
	Parameter WORD_SIZE bound to: 17 - type: integer 
INFO: [Synth 8-6155] done synthesizing module 'register__parameterized0' (2#1) [C:/Users/yvvan/Documents/VSCLAB Research/Approximate Computing/mac_array_4x4/mac_array_4x4.srcs/sources_1/new/register.v:23]
INFO: [Synth 8-6155] done synthesizing module 'mac_unit' (3#1) [C:/Users/yvvan/Documents/VSCLAB Research/Approximate Computing/mac_array_4x4/mac_array_4x4.srcs/sources_1/new/mac_unit.v:23]
INFO: [Synth 8-6155] done synthesizing module 'mac_array_4x4' (4#1) [C:/Users/yvvan/Documents/VSCLAB Research/Approximate Computing/mac_array_4x4/mac_array_4x4.srcs/sources_1/new/mac_array_4x4.v:22]
---------------------------------------------------------------------------------
Finished RTL Elaboration : Time (s): cpu = 00:00:05 ; elapsed = 00:00:04 . Memory (MB): peak = 1290.148 ; gain = 14.398
---------------------------------------------------------------------------------

Report Check Netlist: 
+------+------------------+-------+---------+-------+------------------+
|      |Item              |Errors |Warnings |Status |Description       |
+------+------------------+-------+---------+-------+------------------+
|1     |multi_driven_nets |      0|        0|Passed |Multi driven nets |
+------+------------------+-------+---------+-------+------------------+
---------------------------------------------------------------------------------
Start Handling Custom Attributes
---------------------------------------------------------------------------------
---------------------------------------------------------------------------------
Finished Handling Custom Attributes : Time (s): cpu = 00:00:05 ; elapsed = 00:00:05 . Memory (MB): peak = 1290.148 ; gain = 14.398
---------------------------------------------------------------------------------
---------------------------------------------------------------------------------
Finished RTL Optimization Phase 1 : Time (s): cpu = 00:00:05 ; elapsed = 00:00:05 . Memory (MB): peak = 1290.148 ; gain = 14.398
---------------------------------------------------------------------------------
INFO: [Project 1-570] Preparing netlist for logic optimization

Processing XDC Constraints
Initializing timing engine
Completed Processing XDC Constraints

INFO: [Opt 31-138] Pushed 0 inverter(s) to 0 load pin(s).
Netlist sorting complete. Time (s): cpu = 00:00:00 ; elapsed = 00:00:00.001 . Memory (MB): peak = 1422.102 ; gain = 0.000
INFO: [Project 1-111] Unisim Transformation Summary:
No Unisim elements were transformed.

RTL Elaboration Complete:  : Time (s): cpu = 00:00:23 ; elapsed = 00:00:11 . Memory (MB): peak = 1449.277 ; gain = 173.527
13 Infos, 0 Warnings, 0 Critical Warnings and 0 Errors encountered.
synth_design completed successfully
synth_design: Time (s): cpu = 00:00:23 ; elapsed = 00:00:11 . Memory (MB): peak = 1449.277 ; gain = 173.527
launch_simulation
boost::filesystem::remove: The process cannot access the file because it is being used by another process: "C:/Users/yvvan/Documents/VSCLAB Research/Approximate Computing/mac_array_4x4/mac_array_4x4.sim/sim_1/behav/xsim/simulate.log"
launch_simulation
INFO: [Vivado 12-5682] Launching behavioral simulation in 'C:/Users/yvvan/Documents/VSCLAB Research/Approximate Computing/mac_array_4x4/mac_array_4x4.sim/sim_1/behav/xsim'
INFO: [SIM-utils-51] Simulation object is 'sim_1'
INFO: [SIM-utils-54] Inspecting design source files for 'mac_array_4x4_tb' in fileset 'sim_1'...
INFO: [USF-XSim-97] Finding global include files...
INFO: [USF-XSim-98] Fetching design files from 'sim_1'...
INFO: [USF-XSim-2] XSim::Compile design
INFO: [USF-XSim-61] Executing 'COMPILE and ANALYZE' step in 'C:/Users/yvvan/Documents/VSCLAB Research/Approximate Computing/mac_array_4x4/mac_array_4x4.sim/sim_1/behav/xsim'
"xvlog --incr --relax -prj mac_array_4x4_tb_vlog.prj"
INFO: [VRFC 10-2263] Analyzing Verilog file "C:/Users/yvvan/Documents/VSCLAB Research/Approximate Computing/mac_array_4x4/mac_array_4x4.srcs/sources_1/new/mac_array_4x4.v" into library xil_defaultlib
INFO: [VRFC 10-311] analyzing module mac_array_4x4
INFO: [VRFC 10-2263] Analyzing Verilog file "C:/Users/yvvan/Documents/VSCLAB Research/Approximate Computing/mac_array_4x4/mac_array_4x4.srcs/sources_1/new/mac_unit.v" into library xil_defaultlib
INFO: [VRFC 10-311] analyzing module mac_unit
INFO: [VRFC 10-2263] Analyzing Verilog file "C:/Users/yvvan/Documents/VSCLAB Research/Approximate Computing/mac_array_4x4/mac_array_4x4.srcs/sources_1/new/multiplier.v" into library xil_defaultlib
INFO: [VRFC 10-311] analyzing module multiplier
INFO: [VRFC 10-2263] Analyzing Verilog file "C:/Users/yvvan/Documents/VSCLAB Research/Approximate Computing/mac_array_4x4/mac_array_4x4.srcs/sources_1/new/register.v" into library xil_defaultlib
INFO: [VRFC 10-311] analyzing module register
INFO: [VRFC 10-2263] Analyzing Verilog file "C:/Users/yvvan/Documents/VSCLAB Research/Approximate Computing/mac_array_4x4/mac_array_4x4.srcs/sim_1/new/mac_array_4x4_tb.v" into library xil_defaultlib
INFO: [VRFC 10-311] analyzing module mac_array_4x4_tb
INFO: [USF-XSim-69] 'compile' step finished in '2' seconds
INFO: [USF-XSim-3] XSim::Elaborate design
INFO: [USF-XSim-61] Executing 'ELABORATE' step in 'C:/Users/yvvan/Documents/VSCLAB Research/Approximate Computing/mac_array_4x4/mac_array_4x4.sim/sim_1/behav/xsim'
"xelab -wto e3ab4e0eb16e4fa9804676fc809e81fa --incr --debug typical --relax --mt 2 -L xil_defaultlib -L unisims_ver -L unimacro_ver -L secureip --snapshot mac_array_4x4_tb_behav xil_defaultlib.mac_array_4x4_tb xil_defaultlib.glbl -log elaborate.log"
Vivado Simulator 2019.1
Copyright 1986-1999, 2001-2019 Xilinx, Inc. All Rights Reserved.
Running: C:/Xilinx/Vivado/2019.1/bin/unwrapped/win64.o/xelab.exe -wto e3ab4e0eb16e4fa9804676fc809e81fa --incr --debug typical --relax --mt 2 -L xil_defaultlib -L unisims_ver -L unimacro_ver -L secureip --snapshot mac_array_4x4_tb_behav xil_defaultlib.mac_array_4x4_tb xil_defaultlib.glbl -log elaborate.log 
Using 2 slave threads.
Starting static elaboration
Completed static elaboration
Starting simulation data flow analysis
Completed simulation data flow analysis
Time Resolution for simulation is 1ps
Compiling module xil_defaultlib.register
Compiling module xil_defaultlib.multiplier
Compiling module xil_defaultlib.register(WORD_SIZE=17)
Compiling module xil_defaultlib.mac_unit
Compiling module xil_defaultlib.mac_array_4x4
Compiling module xil_defaultlib.mac_array_4x4_tb
Compiling module xil_defaultlib.glbl
Built simulation snapshot mac_array_4x4_tb_behav
INFO: [USF-XSim-69] 'elaborate' step finished in '2' seconds
INFO: [USF-XSim-4] XSim::Simulate design
INFO: [USF-XSim-61] Executing 'SIMULATE' step in 'C:/Users/yvvan/Documents/VSCLAB Research/Approximate Computing/mac_array_4x4/mac_array_4x4.sim/sim_1/behav/xsim'
INFO: [USF-XSim-98] *** Running xsim
   with args "mac_array_4x4_tb_behav -key {Behavioral:sim_1:Functional:mac_array_4x4_tb} -tclbatch {mac_array_4x4_tb.tcl} -view {{C:/Users/yvvan/Documents/VSCLAB Research/Approximate Computing/mac_array_4x4/mac_array_4x4_tb_behav.wcfg}} -log {simulate.log}"
INFO: [USF-XSim-8] Loading simulator feature
Vivado Simulator 2019.1
Time resolution is 1 ps
open_wave_config {C:/Users/yvvan/Documents/VSCLAB Research/Approximate Computing/mac_array_4x4/mac_array_4x4_tb_behav.wcfg}
source mac_array_4x4_tb.tcl
# set curr_wave [current_wave_config]
# if { [string length $curr_wave] == 0 } {
#   if { [llength [get_objects]] > 0} {
#     add_wave /
#     set_property needs_save false [current_wave_config]
#   } else {
#      send_msg_id Add_Wave-1 WARNING "No top level signals found. Simulator will start without a wave window. If you want to open a wave window go to 'File->New Waveform Configuration' or type 'create_wave_config' in the TCL console."
#   }
# }
# run 1000ns
$finish called at time : 680 ns : File "C:/Users/yvvan/Documents/VSCLAB Research/Approximate Computing/mac_array_4x4/mac_array_4x4.srcs/sim_1/new/mac_array_4x4_tb.v" Line 220
INFO: [USF-XSim-96] XSim completed. Design snapshot 'mac_array_4x4_tb_behav' loaded.
INFO: [USF-XSim-97] XSim simulation ran for 1000ns
launch_simulation: Time (s): cpu = 00:00:10 ; elapsed = 00:00:09 . Memory (MB): peak = 1539.770 ; gain = 11.859
save_wave_config {C:/Users/yvvan/Documents/VSCLAB Research/Approximate Computing/mac_array_4x4/mac_array_4x4_tb_behav.wcfg}
close_sim
INFO: [Simtcl 6-16] Simulation closed
launch_simulation
INFO: [Vivado 12-5682] Launching behavioral simulation in 'C:/Users/yvvan/Documents/VSCLAB Research/Approximate Computing/mac_array_4x4/mac_array_4x4.sim/sim_1/behav/xsim'
INFO: [SIM-utils-51] Simulation object is 'sim_1'
INFO: [SIM-utils-54] Inspecting design source files for 'mac_array_4x4_tb' in fileset 'sim_1'...
INFO: [USF-XSim-97] Finding global include files...
INFO: [USF-XSim-98] Fetching design files from 'sim_1'...
INFO: [USF-XSim-2] XSim::Compile design
INFO: [USF-XSim-61] Executing 'COMPILE and ANALYZE' step in 'C:/Users/yvvan/Documents/VSCLAB Research/Approximate Computing/mac_array_4x4/mac_array_4x4.sim/sim_1/behav/xsim'
"xvlog --incr --relax -prj mac_array_4x4_tb_vlog.prj"
INFO: [VRFC 10-2263] Analyzing Verilog file "C:/Users/yvvan/Documents/VSCLAB Research/Approximate Computing/mac_array_4x4/mac_array_4x4.srcs/sources_1/new/mac_array_4x4.v" into library xil_defaultlib
INFO: [VRFC 10-311] analyzing module mac_array_4x4
INFO: [VRFC 10-2263] Analyzing Verilog file "C:/Users/yvvan/Documents/VSCLAB Research/Approximate Computing/mac_array_4x4/mac_array_4x4.srcs/sources_1/new/mac_unit.v" into library xil_defaultlib
INFO: [VRFC 10-311] analyzing module mac_unit
INFO: [VRFC 10-2263] Analyzing Verilog file "C:/Users/yvvan/Documents/VSCLAB Research/Approximate Computing/mac_array_4x4/mac_array_4x4.srcs/sources_1/new/multiplier.v" into library xil_defaultlib
INFO: [VRFC 10-311] analyzing module multiplier
INFO: [VRFC 10-2263] Analyzing Verilog file "C:/Users/yvvan/Documents/VSCLAB Research/Approximate Computing/mac_array_4x4/mac_array_4x4.srcs/sources_1/new/register.v" into library xil_defaultlib
INFO: [VRFC 10-311] analyzing module register
INFO: [VRFC 10-2263] Analyzing Verilog file "C:/Users/yvvan/Documents/VSCLAB Research/Approximate Computing/mac_array_4x4/mac_array_4x4.srcs/sim_1/new/mac_array_4x4_tb.v" into library xil_defaultlib
INFO: [VRFC 10-311] analyzing module mac_array_4x4_tb
INFO: [USF-XSim-69] 'compile' step finished in '1' seconds
INFO: [USF-XSim-3] XSim::Elaborate design
INFO: [USF-XSim-61] Executing 'ELABORATE' step in 'C:/Users/yvvan/Documents/VSCLAB Research/Approximate Computing/mac_array_4x4/mac_array_4x4.sim/sim_1/behav/xsim'
"xelab -wto e3ab4e0eb16e4fa9804676fc809e81fa --incr --debug typical --relax --mt 2 -L xil_defaultlib -L unisims_ver -L unimacro_ver -L secureip --snapshot mac_array_4x4_tb_behav xil_defaultlib.mac_array_4x4_tb xil_defaultlib.glbl -log elaborate.log"
Vivado Simulator 2019.1
Copyright 1986-1999, 2001-2019 Xilinx, Inc. All Rights Reserved.
Running: C:/Xilinx/Vivado/2019.1/bin/unwrapped/win64.o/xelab.exe -wto e3ab4e0eb16e4fa9804676fc809e81fa --incr --debug typical --relax --mt 2 -L xil_defaultlib -L unisims_ver -L unimacro_ver -L secureip --snapshot mac_array_4x4_tb_behav xil_defaultlib.mac_array_4x4_tb xil_defaultlib.glbl -log elaborate.log 
Using 2 slave threads.
Starting static elaboration
Completed static elaboration
Starting simulation data flow analysis
Completed simulation data flow analysis
Time Resolution for simulation is 1ps
Compiling module xil_defaultlib.register
Compiling module xil_defaultlib.multiplier
Compiling module xil_defaultlib.register(WORD_SIZE=17)
Compiling module xil_defaultlib.mac_unit
Compiling module xil_defaultlib.mac_array_4x4
Compiling module xil_defaultlib.mac_array_4x4_tb
Compiling module xil_defaultlib.glbl
Built simulation snapshot mac_array_4x4_tb_behav
INFO: [USF-XSim-69] 'elaborate' step finished in '2' seconds
INFO: [USF-XSim-4] XSim::Simulate design
INFO: [USF-XSim-61] Executing 'SIMULATE' step in 'C:/Users/yvvan/Documents/VSCLAB Research/Approximate Computing/mac_array_4x4/mac_array_4x4.sim/sim_1/behav/xsim'
INFO: [USF-XSim-98] *** Running xsim
   with args "mac_array_4x4_tb_behav -key {Behavioral:sim_1:Functional:mac_array_4x4_tb} -tclbatch {mac_array_4x4_tb.tcl} -view {{C:/Users/yvvan/Documents/VSCLAB Research/Approximate Computing/mac_array_4x4/mac_array_4x4_tb_behav.wcfg}} -log {simulate.log}"
INFO: [USF-XSim-8] Loading simulator feature
Vivado Simulator 2019.1
Time resolution is 1 ps
open_wave_config {C:/Users/yvvan/Documents/VSCLAB Research/Approximate Computing/mac_array_4x4/mac_array_4x4_tb_behav.wcfg}
source mac_array_4x4_tb.tcl
# set curr_wave [current_wave_config]
# if { [string length $curr_wave] == 0 } {
#   if { [llength [get_objects]] > 0} {
#     add_wave /
#     set_property needs_save false [current_wave_config]
#   } else {
#      send_msg_id Add_Wave-1 WARNING "No top level signals found. Simulator will start without a wave window. If you want to open a wave window go to 'File->New Waveform Configuration' or type 'create_wave_config' in the TCL console."
#   }
# }
# run 1000ns
$finish called at time : 680 ns : File "C:/Users/yvvan/Documents/VSCLAB Research/Approximate Computing/mac_array_4x4/mac_array_4x4.srcs/sim_1/new/mac_array_4x4_tb.v" Line 220
xsim: Time (s): cpu = 00:00:06 ; elapsed = 00:00:05 . Memory (MB): peak = 1551.176 ; gain = 0.000
INFO: [USF-XSim-96] XSim completed. Design snapshot 'mac_array_4x4_tb_behav' loaded.
INFO: [USF-XSim-97] XSim simulation ran for 1000ns
launch_simulation: Time (s): cpu = 00:00:07 ; elapsed = 00:00:09 . Memory (MB): peak = 1551.176 ; gain = 0.000
save_wave_config {C:/Users/yvvan/Documents/VSCLAB Research/Approximate Computing/mac_array_4x4/mac_array_4x4_tb_behav.wcfg}
close_sim
INFO: [Simtcl 6-16] Simulation closed
refresh_design
---------------------------------------------------------------------------------
Starting RTL Elaboration : Time (s): cpu = 00:00:03 ; elapsed = 00:00:03 . Memory (MB): peak = 1559.023 ; gain = 7.848
---------------------------------------------------------------------------------
INFO: [Synth 8-6157] synthesizing module 'mac_array_4x4' [C:/Users/yvvan/Documents/VSCLAB Research/Approximate Computing/mac_array_4x4/mac_array_4x4.srcs/sources_1/new/mac_array_4x4.v:22]
INFO: [Synth 8-6157] synthesizing module 'mac_unit' [C:/Users/yvvan/Documents/VSCLAB Research/Approximate Computing/mac_array_4x4/mac_array_4x4.srcs/sources_1/new/mac_unit.v:23]
INFO: [Synth 8-6157] synthesizing module 'register' [C:/Users/yvvan/Documents/VSCLAB Research/Approximate Computing/mac_array_4x4/mac_array_4x4.srcs/sources_1/new/register.v:23]
	Parameter WORD_SIZE bound to: 8 - type: integer 
INFO: [Synth 8-6155] done synthesizing module 'register' (1#1) [C:/Users/yvvan/Documents/VSCLAB Research/Approximate Computing/mac_array_4x4/mac_array_4x4.srcs/sources_1/new/register.v:23]
INFO: [Synth 8-6157] synthesizing module 'multiplier' [C:/Users/yvvan/Documents/VSCLAB Research/Approximate Computing/mac_array_4x4/mac_array_4x4.srcs/sources_1/new/multiplier.v:23]
	Parameter WORD_SIZE bound to: 8 - type: integer 
INFO: [Synth 8-6155] done synthesizing module 'multiplier' (2#1) [C:/Users/yvvan/Documents/VSCLAB Research/Approximate Computing/mac_array_4x4/mac_array_4x4.srcs/sources_1/new/multiplier.v:23]
INFO: [Synth 8-6157] synthesizing module 'register__parameterized0' [C:/Users/yvvan/Documents/VSCLAB Research/Approximate Computing/mac_array_4x4/mac_array_4x4.srcs/sources_1/new/register.v:23]
	Parameter WORD_SIZE bound to: 17 - type: integer 
INFO: [Synth 8-6155] done synthesizing module 'register__parameterized0' (2#1) [C:/Users/yvvan/Documents/VSCLAB Research/Approximate Computing/mac_array_4x4/mac_array_4x4.srcs/sources_1/new/register.v:23]
INFO: [Synth 8-6155] done synthesizing module 'mac_unit' (3#1) [C:/Users/yvvan/Documents/VSCLAB Research/Approximate Computing/mac_array_4x4/mac_array_4x4.srcs/sources_1/new/mac_unit.v:23]
INFO: [Synth 8-6155] done synthesizing module 'mac_array_4x4' (4#1) [C:/Users/yvvan/Documents/VSCLAB Research/Approximate Computing/mac_array_4x4/mac_array_4x4.srcs/sources_1/new/mac_array_4x4.v:22]
---------------------------------------------------------------------------------
Finished RTL Elaboration : Time (s): cpu = 00:00:04 ; elapsed = 00:00:04 . Memory (MB): peak = 1593.191 ; gain = 42.016
---------------------------------------------------------------------------------

Report Check Netlist: 
+------+------------------+-------+---------+-------+------------------+
|      |Item              |Errors |Warnings |Status |Description       |
+------+------------------+-------+---------+-------+------------------+
|1     |multi_driven_nets |      0|        0|Passed |Multi driven nets |
+------+------------------+-------+---------+-------+------------------+
---------------------------------------------------------------------------------
Start Handling Custom Attributes
---------------------------------------------------------------------------------
---------------------------------------------------------------------------------
Finished Handling Custom Attributes : Time (s): cpu = 00:00:04 ; elapsed = 00:00:04 . Memory (MB): peak = 1601.176 ; gain = 50.000
---------------------------------------------------------------------------------
---------------------------------------------------------------------------------
Finished RTL Optimization Phase 1 : Time (s): cpu = 00:00:04 ; elapsed = 00:00:04 . Memory (MB): peak = 1601.176 ; gain = 50.000
---------------------------------------------------------------------------------
INFO: [Project 1-570] Preparing netlist for logic optimization

Processing XDC Constraints
Initializing timing engine
Completed Processing XDC Constraints

INFO: [Opt 31-138] Pushed 0 inverter(s) to 0 load pin(s).
refresh_design: Time (s): cpu = 00:00:16 ; elapsed = 00:00:10 . Memory (MB): peak = 1678.371 ; gain = 127.195
launch_simulation
INFO: [Vivado 12-5682] Launching behavioral simulation in 'C:/Users/yvvan/Documents/VSCLAB Research/Approximate Computing/mac_array_4x4/mac_array_4x4.sim/sim_1/behav/xsim'
INFO: [SIM-utils-51] Simulation object is 'sim_1'
INFO: [SIM-utils-54] Inspecting design source files for 'mac_array_4x4_tb' in fileset 'sim_1'...
INFO: [USF-XSim-97] Finding global include files...
INFO: [USF-XSim-98] Fetching design files from 'sim_1'...
INFO: [USF-XSim-2] XSim::Compile design
INFO: [USF-XSim-61] Executing 'COMPILE and ANALYZE' step in 'C:/Users/yvvan/Documents/VSCLAB Research/Approximate Computing/mac_array_4x4/mac_array_4x4.sim/sim_1/behav/xsim'
"xvlog --incr --relax -prj mac_array_4x4_tb_vlog.prj"
INFO: [VRFC 10-2263] Analyzing Verilog file "C:/Users/yvvan/Documents/VSCLAB Research/Approximate Computing/mac_array_4x4/mac_array_4x4.srcs/sources_1/new/mac_array_4x4.v" into library xil_defaultlib
INFO: [VRFC 10-311] analyzing module mac_array_4x4
INFO: [VRFC 10-2263] Analyzing Verilog file "C:/Users/yvvan/Documents/VSCLAB Research/Approximate Computing/mac_array_4x4/mac_array_4x4.srcs/sources_1/new/mac_unit.v" into library xil_defaultlib
INFO: [VRFC 10-311] analyzing module mac_unit
INFO: [VRFC 10-2263] Analyzing Verilog file "C:/Users/yvvan/Documents/VSCLAB Research/Approximate Computing/mac_array_4x4/mac_array_4x4.srcs/sources_1/new/multiplier.v" into library xil_defaultlib
INFO: [VRFC 10-311] analyzing module multiplier
INFO: [VRFC 10-2263] Analyzing Verilog file "C:/Users/yvvan/Documents/VSCLAB Research/Approximate Computing/mac_array_4x4/mac_array_4x4.srcs/sources_1/new/register.v" into library xil_defaultlib
INFO: [VRFC 10-311] analyzing module register
INFO: [VRFC 10-2263] Analyzing Verilog file "C:/Users/yvvan/Documents/VSCLAB Research/Approximate Computing/mac_array_4x4/mac_array_4x4.srcs/sim_1/new/mac_array_4x4_tb.v" into library xil_defaultlib
INFO: [VRFC 10-311] analyzing module mac_array_4x4_tb
INFO: [USF-XSim-69] 'compile' step finished in '1' seconds
INFO: [USF-XSim-3] XSim::Elaborate design
INFO: [USF-XSim-61] Executing 'ELABORATE' step in 'C:/Users/yvvan/Documents/VSCLAB Research/Approximate Computing/mac_array_4x4/mac_array_4x4.sim/sim_1/behav/xsim'
"xelab -wto e3ab4e0eb16e4fa9804676fc809e81fa --incr --debug typical --relax --mt 2 -L xil_defaultlib -L unisims_ver -L unimacro_ver -L secureip --snapshot mac_array_4x4_tb_behav xil_defaultlib.mac_array_4x4_tb xil_defaultlib.glbl -log elaborate.log"
Vivado Simulator 2019.1
Copyright 1986-1999, 2001-2019 Xilinx, Inc. All Rights Reserved.
Running: C:/Xilinx/Vivado/2019.1/bin/unwrapped/win64.o/xelab.exe -wto e3ab4e0eb16e4fa9804676fc809e81fa --incr --debug typical --relax --mt 2 -L xil_defaultlib -L unisims_ver -L unimacro_ver -L secureip --snapshot mac_array_4x4_tb_behav xil_defaultlib.mac_array_4x4_tb xil_defaultlib.glbl -log elaborate.log 
Using 2 slave threads.
Starting static elaboration
Completed static elaboration
Starting simulation data flow analysis
Completed simulation data flow analysis
Time Resolution for simulation is 1ps
Compiling module xil_defaultlib.register
Compiling module xil_defaultlib.multiplier
Compiling module xil_defaultlib.register(WORD_SIZE=17)
Compiling module xil_defaultlib.mac_unit
Compiling module xil_defaultlib.mac_array_4x4
Compiling module xil_defaultlib.mac_array_4x4_tb
Compiling module xil_defaultlib.glbl
Built simulation snapshot mac_array_4x4_tb_behav
INFO: [USF-XSim-69] 'elaborate' step finished in '2' seconds
INFO: [USF-XSim-4] XSim::Simulate design
INFO: [USF-XSim-61] Executing 'SIMULATE' step in 'C:/Users/yvvan/Documents/VSCLAB Research/Approximate Computing/mac_array_4x4/mac_array_4x4.sim/sim_1/behav/xsim'
INFO: [USF-XSim-98] *** Running xsim
   with args "mac_array_4x4_tb_behav -key {Behavioral:sim_1:Functional:mac_array_4x4_tb} -tclbatch {mac_array_4x4_tb.tcl} -view {{C:/Users/yvvan/Documents/VSCLAB Research/Approximate Computing/mac_array_4x4/mac_array_4x4_tb_behav.wcfg}} -log {simulate.log}"
INFO: [USF-XSim-8] Loading simulator feature
Vivado Simulator 2019.1
Time resolution is 1 ps
open_wave_config {C:/Users/yvvan/Documents/VSCLAB Research/Approximate Computing/mac_array_4x4/mac_array_4x4_tb_behav.wcfg}
source mac_array_4x4_tb.tcl
# set curr_wave [current_wave_config]
# if { [string length $curr_wave] == 0 } {
#   if { [llength [get_objects]] > 0} {
#     add_wave /
#     set_property needs_save false [current_wave_config]
#   } else {
#      send_msg_id Add_Wave-1 WARNING "No top level signals found. Simulator will start without a wave window. If you want to open a wave window go to 'File->New Waveform Configuration' or type 'create_wave_config' in the TCL console."
#   }
# }
# run 1000ns
$finish called at time : 680 ns : File "C:/Users/yvvan/Documents/VSCLAB Research/Approximate Computing/mac_array_4x4/mac_array_4x4.srcs/sim_1/new/mac_array_4x4_tb.v" Line 220
INFO: [USF-XSim-96] XSim completed. Design snapshot 'mac_array_4x4_tb_behav' loaded.
INFO: [USF-XSim-97] XSim simulation ran for 1000ns
launch_simulation: Time (s): cpu = 00:00:05 ; elapsed = 00:00:08 . Memory (MB): peak = 1779.684 ; gain = 9.863
