#-----------------------------------------------------------
# Vivado v2019.1 (64-bit)
# SW Build 2552052 on Fri May 24 14:49:42 MDT 2019
# IP Build 2548770 on Fri May 24 18:01:18 MDT 2019
# Start of session at: Wed May 11 04:05:43 2022
# Process ID: 10048
# Current directory: C:/Users/yvvan/OneDrive - email.ucr.edu/Documents/VSCLAB Research/Approximate Computing/mac_array_4x4
# Command line: vivado.exe -gui_launcher_event rodinguilauncherevent15824 C:\Users\yvvan\OneDrive - email.ucr.edu\Documents\VSCLAB Research\Approximate Computing\mac_array_4x4\mac_array_4x4.xpr
# Log file: C:/Users/yvvan/OneDrive - email.ucr.edu/Documents/VSCLAB Research/Approximate Computing/mac_array_4x4/vivado.log
# Journal file: C:/Users/yvvan/OneDrive - email.ucr.edu/Documents/VSCLAB Research/Approximate Computing/mac_array_4x4\vivado.jou
#-----------------------------------------------------------
start_gui
open_project {C:/Users/yvvan/OneDrive - email.ucr.edu/Documents/VSCLAB Research/Approximate Computing/mac_array_4x4/mac_array_4x4.xpr}
INFO: [ProjectBase 1-489] The host OS only allows 260 characters in a normal path. The project is stored in a path with more than 80 characters. If you experience issues with IP, Block Designs, or files not being found, please consider moving the project to a location with a shorter path. Alternately consider using the OS subst command to map part of the path to a drive letter.
Current project path is 'C:/Users/yvvan/OneDrive - email.ucr.edu/Documents/VSCLAB Research/Approximate Computing/mac_array_4x4'
INFO: [Project 1-313] Project file moved from 'C:/Users/yvvan/Documents/VSCLAB Research/Approximate Computing/mac_array_4x4' since last save.
Scanning sources...
Finished scanning sources
INFO: [IP_Flow 19-234] Refreshing IP repositories
INFO: [IP_Flow 19-1704] No user IP repositories specified
INFO: [IP_Flow 19-2313] Loaded Vivado IP repository 'C:/Xilinx/Vivado/2019.1/data/ip'.
open_project: Time (s): cpu = 00:00:22 ; elapsed = 00:00:10 . Memory (MB): peak = 804.664 ; gain = 150.465
update_compile_order -fileset sources_1
synth_design -rtl -name rtl_1
Command: synth_design -rtl -name rtl_1
Starting synth_design
Using part: xc7a35tcpg236-1
Top: mac_array_4x4
INFO: [Device 21-403] Loading part xc7a35tcpg236-1
---------------------------------------------------------------------------------
Starting RTL Elaboration : Time (s): cpu = 00:00:06 ; elapsed = 00:00:06 . Memory (MB): peak = 1226.398 ; gain = 166.859
---------------------------------------------------------------------------------
INFO: [Synth 8-6157] synthesizing module 'mac_array_4x4' [C:/Users/yvvan/OneDrive - email.ucr.edu/Documents/VSCLAB Research/Approximate Computing/mac_array_4x4/mac_array_4x4.srcs/sources_1/new/mac_array_4x4.v:22]
INFO: [Synth 8-6157] synthesizing module 'mac_unit' [C:/Users/yvvan/OneDrive - email.ucr.edu/Documents/VSCLAB Research/Approximate Computing/mac_array_4x4/mac_array_4x4.srcs/sources_1/new/mac_unit.v:23]
INFO: [Synth 8-6157] synthesizing module 'register' [C:/Users/yvvan/OneDrive - email.ucr.edu/Documents/VSCLAB Research/Approximate Computing/mac_array_4x4/mac_array_4x4.srcs/sources_1/new/register.v:23]
	Parameter WORD_SIZE bound to: 8 - type: integer 
INFO: [Synth 8-6155] done synthesizing module 'register' (1#1) [C:/Users/yvvan/OneDrive - email.ucr.edu/Documents/VSCLAB Research/Approximate Computing/mac_array_4x4/mac_array_4x4.srcs/sources_1/new/register.v:23]
INFO: [Synth 8-6157] synthesizing module 'multiplier' [C:/Users/yvvan/OneDrive - email.ucr.edu/Documents/VSCLAB Research/Approximate Computing/mac_array_4x4/mac_array_4x4.srcs/sources_1/new/multiplier.v:23]
	Parameter WORD_SIZE bound to: 8 - type: integer 
INFO: [Synth 8-6155] done synthesizing module 'multiplier' (2#1) [C:/Users/yvvan/OneDrive - email.ucr.edu/Documents/VSCLAB Research/Approximate Computing/mac_array_4x4/mac_array_4x4.srcs/sources_1/new/multiplier.v:23]
INFO: [Synth 8-6157] synthesizing module 'register__parameterized0' [C:/Users/yvvan/OneDrive - email.ucr.edu/Documents/VSCLAB Research/Approximate Computing/mac_array_4x4/mac_array_4x4.srcs/sources_1/new/register.v:23]
	Parameter WORD_SIZE bound to: 17 - type: integer 
INFO: [Synth 8-6155] done synthesizing module 'register__parameterized0' (2#1) [C:/Users/yvvan/OneDrive - email.ucr.edu/Documents/VSCLAB Research/Approximate Computing/mac_array_4x4/mac_array_4x4.srcs/sources_1/new/register.v:23]
INFO: [Synth 8-6155] done synthesizing module 'mac_unit' (3#1) [C:/Users/yvvan/OneDrive - email.ucr.edu/Documents/VSCLAB Research/Approximate Computing/mac_array_4x4/mac_array_4x4.srcs/sources_1/new/mac_unit.v:23]
INFO: [Synth 8-6155] done synthesizing module 'mac_array_4x4' (4#1) [C:/Users/yvvan/OneDrive - email.ucr.edu/Documents/VSCLAB Research/Approximate Computing/mac_array_4x4/mac_array_4x4.srcs/sources_1/new/mac_array_4x4.v:22]
---------------------------------------------------------------------------------
Finished RTL Elaboration : Time (s): cpu = 00:00:08 ; elapsed = 00:00:07 . Memory (MB): peak = 1269.559 ; gain = 210.020
---------------------------------------------------------------------------------

Report Check Netlist: 
+------+------------------+-------+---------+-------+------------------+
|      |Item              |Errors |Warnings |Status |Description       |
+------+------------------+-------+---------+-------+------------------+
|1     |multi_driven_nets |      0|        0|Passed |Multi driven nets |
+------+------------------+-------+---------+-------+------------------+
---------------------------------------------------------------------------------
Start Handling Custom Attributes
---------------------------------------------------------------------------------
---------------------------------------------------------------------------------
Finished Handling Custom Attributes : Time (s): cpu = 00:00:08 ; elapsed = 00:00:08 . Memory (MB): peak = 1269.559 ; gain = 210.020
---------------------------------------------------------------------------------
---------------------------------------------------------------------------------
Finished RTL Optimization Phase 1 : Time (s): cpu = 00:00:08 ; elapsed = 00:00:08 . Memory (MB): peak = 1269.559 ; gain = 210.020
---------------------------------------------------------------------------------
INFO: [Project 1-570] Preparing netlist for logic optimization

Processing XDC Constraints
Initializing timing engine
Completed Processing XDC Constraints

INFO: [Opt 31-138] Pushed 0 inverter(s) to 0 load pin(s).
Netlist sorting complete. Time (s): cpu = 00:00:00 ; elapsed = 00:00:00.001 . Memory (MB): peak = 1410.844 ; gain = 0.000
INFO: [Project 1-111] Unisim Transformation Summary:
No Unisim elements were transformed.

RTL Elaboration Complete:  : Time (s): cpu = 00:00:33 ; elapsed = 00:00:18 . Memory (MB): peak = 1423.320 ; gain = 363.781
14 Infos, 0 Warnings, 0 Critical Warnings and 0 Errors encountered.
synth_design completed successfully
synth_design: Time (s): cpu = 00:00:43 ; elapsed = 00:00:30 . Memory (MB): peak = 1423.320 ; gain = 571.137
launch_simulation
INFO: [Vivado 12-5682] Launching behavioral simulation in 'C:/Users/yvvan/OneDrive - email.ucr.edu/Documents/VSCLAB Research/Approximate Computing/mac_array_4x4/mac_array_4x4.sim/sim_1/behav/xsim'
INFO: [SIM-utils-51] Simulation object is 'sim_1'
INFO: [SIM-utils-54] Inspecting design source files for 'mac_array_4x4_tb' in fileset 'sim_1'...
INFO: [USF-XSim-97] Finding global include files...
INFO: [USF-XSim-98] Fetching design files from 'sim_1'...
INFO: [USF-XSim-2] XSim::Compile design
INFO: [USF-XSim-61] Executing 'COMPILE and ANALYZE' step in 'C:/Users/yvvan/OneDrive - email.ucr.edu/Documents/VSCLAB Research/Approximate Computing/mac_array_4x4/mac_array_4x4.sim/sim_1/behav/xsim'
"xvlog --incr --relax -prj mac_array_4x4_tb_vlog.prj"
INFO: [VRFC 10-2263] Analyzing Verilog file "C:/Users/yvvan/OneDrive - email.ucr.edu/Documents/VSCLAB Research/Approximate Computing/mac_array_4x4/mac_array_4x4.srcs/sources_1/new/mac_array_4x4.v" into library xil_defaultlib
INFO: [VRFC 10-311] analyzing module mac_array_4x4
INFO: [VRFC 10-2263] Analyzing Verilog file "C:/Users/yvvan/OneDrive - email.ucr.edu/Documents/VSCLAB Research/Approximate Computing/mac_array_4x4/mac_array_4x4.srcs/sources_1/new/mac_unit.v" into library xil_defaultlib
INFO: [VRFC 10-311] analyzing module mac_unit
INFO: [VRFC 10-2263] Analyzing Verilog file "C:/Users/yvvan/OneDrive - email.ucr.edu/Documents/VSCLAB Research/Approximate Computing/mac_array_4x4/mac_array_4x4.srcs/sources_1/new/multiplier.v" into library xil_defaultlib
INFO: [VRFC 10-311] analyzing module multiplier
INFO: [VRFC 10-2263] Analyzing Verilog file "C:/Users/yvvan/OneDrive - email.ucr.edu/Documents/VSCLAB Research/Approximate Computing/mac_array_4x4/mac_array_4x4.srcs/sources_1/new/register.v" into library xil_defaultlib
INFO: [VRFC 10-311] analyzing module register
INFO: [VRFC 10-2263] Analyzing Verilog file "C:/Users/yvvan/OneDrive - email.ucr.edu/Documents/VSCLAB Research/Approximate Computing/mac_array_4x4/mac_array_4x4.srcs/sim_1/new/mac_array_4x4_tb.v" into library xil_defaultlib
INFO: [VRFC 10-311] analyzing module mac_array_4x4_tb
INFO: [VRFC 10-2263] Analyzing Verilog file "C:/Users/yvvan/OneDrive - email.ucr.edu/Documents/VSCLAB Research/Approximate Computing/mac_array_4x4/mac_array_4x4.sim/sim_1/behav/xsim/glbl.v" into library xil_defaultlib
INFO: [VRFC 10-311] analyzing module glbl
INFO: [USF-XSim-69] 'compile' step finished in '2' seconds
INFO: [USF-XSim-3] XSim::Elaborate design
INFO: [USF-XSim-61] Executing 'ELABORATE' step in 'C:/Users/yvvan/OneDrive - email.ucr.edu/Documents/VSCLAB Research/Approximate Computing/mac_array_4x4/mac_array_4x4.sim/sim_1/behav/xsim'
"xelab -wto e3ab4e0eb16e4fa9804676fc809e81fa --incr --debug typical --relax --mt 2 -L xil_defaultlib -L unisims_ver -L unimacro_ver -L secureip --snapshot mac_array_4x4_tb_behav xil_defaultlib.mac_array_4x4_tb xil_defaultlib.glbl -log elaborate.log"
Vivado Simulator 2019.1
Copyright 1986-1999, 2001-2019 Xilinx, Inc. All Rights Reserved.
Running: C:/Xilinx/Vivado/2019.1/bin/unwrapped/win64.o/xelab.exe -wto e3ab4e0eb16e4fa9804676fc809e81fa --incr --debug typical --relax --mt 2 -L xil_defaultlib -L unisims_ver -L unimacro_ver -L secureip --snapshot mac_array_4x4_tb_behav xil_defaultlib.mac_array_4x4_tb xil_defaultlib.glbl -log elaborate.log 
Using 2 slave threads.
Starting static elaboration
Completed static elaboration
Starting simulation data flow analysis
Completed simulation data flow analysis
Time Resolution for simulation is 1ps
Compiling module xil_defaultlib.register
Compiling module xil_defaultlib.multiplier
Compiling module xil_defaultlib.register(WORD_SIZE=17)
Compiling module xil_defaultlib.mac_unit
Compiling module xil_defaultlib.mac_array_4x4
Compiling module xil_defaultlib.mac_array_4x4_tb
Compiling module xil_defaultlib.glbl
Built simulation snapshot mac_array_4x4_tb_behav
ERROR: [Common 17-165] Too many positional options when parsing '-notrace', please type 'webtalk -help' for usage info.

run_program: Time (s): cpu = 00:00:00 ; elapsed = 00:00:06 . Memory (MB): peak = 1423.320 ; gain = 0.000
INFO: [USF-XSim-69] 'elaborate' step finished in '6' seconds
INFO: [USF-XSim-4] XSim::Simulate design
INFO: [USF-XSim-61] Executing 'SIMULATE' step in 'C:/Users/yvvan/OneDrive - email.ucr.edu/Documents/VSCLAB Research/Approximate Computing/mac_array_4x4/mac_array_4x4.sim/sim_1/behav/xsim'
INFO: [USF-XSim-98] *** Running xsim
   with args "mac_array_4x4_tb_behav -key {Behavioral:sim_1:Functional:mac_array_4x4_tb} -tclbatch {mac_array_4x4_tb.tcl} -view {{C:/Users/yvvan/OneDrive - email.ucr.edu/Documents/VSCLAB Research/Approximate Computing/mac_array_4x4/mac_array_4x4_tb_behav.wcfg}} -log {simulate.log}"
INFO: [USF-XSim-8] Loading simulator feature
Vivado Simulator 2019.1
Time resolution is 1 ps
open_wave_config {C:/Users/yvvan/OneDrive - email.ucr.edu/Documents/VSCLAB Research/Approximate Computing/mac_array_4x4/mac_array_4x4_tb_behav.wcfg}
source mac_array_4x4_tb.tcl
# set curr_wave [current_wave_config]
# if { [string length $curr_wave] == 0 } {
#   if { [llength [get_objects]] > 0} {
#     add_wave /
#     set_property needs_save false [current_wave_config]
#   } else {
#      send_msg_id Add_Wave-1 WARNING "No top level signals found. Simulator will start without a wave window. If you want to open a wave window go to 'File->New Waveform Configuration' or type 'create_wave_config' in the TCL console."
#   }
# }
# run 1000ns
$finish called at time : 680 ns : File "C:/Users/yvvan/OneDrive - email.ucr.edu/Documents/VSCLAB Research/Approximate Computing/mac_array_4x4/mac_array_4x4.srcs/sim_1/new/mac_array_4x4_tb.v" Line 220
xsim: Time (s): cpu = 00:00:11 ; elapsed = 00:00:07 . Memory (MB): peak = 1423.320 ; gain = 0.000
INFO: [USF-XSim-96] XSim completed. Design snapshot 'mac_array_4x4_tb_behav' loaded.
INFO: [USF-XSim-97] XSim simulation ran for 1000ns
launch_simulation: Time (s): cpu = 00:00:15 ; elapsed = 00:00:17 . Memory (MB): peak = 1423.320 ; gain = 0.000
close_sim
INFO: [Simtcl 6-16] Simulation closed
exit
INFO: [Common 17-206] Exiting Vivado at Wed May 11 04:10:56 2022...
