#-----------------------------------------------------------
# Vivado v2019.1 (64-bit)
# SW Build 2552052 on Fri May 24 14:49:42 MDT 2019
# IP Build 2548770 on Fri May 24 18:01:18 MDT 2019
# Start of session at: Mon May  2 04:59:49 2022
# Process ID: 9908
# Current directory: C:/Users/yvvan/Documents/VSCLAB Research/Approximate Computing/mac_array_8x8
# Command line: vivado.exe -gui_launcher_event rodinguilauncherevent20712 C:\Users\yvvan\Documents\VSCLAB Research\Approximate Computing\mac_array_8x8\mac_array_8x8.xpr
# Log file: C:/Users/yvvan/Documents/VSCLAB Research/Approximate Computing/mac_array_8x8/vivado.log
# Journal file: C:/Users/yvvan/Documents/VSCLAB Research/Approximate Computing/mac_array_8x8\vivado.jou
#-----------------------------------------------------------
start_gui
open_project {C:/Users/yvvan/Documents/VSCLAB Research/Approximate Computing/mac_array_8x8/mac_array_8x8.xpr}
INFO: [Project 1-313] Project file moved from 'C:/Users/yvvan/Documents/Research/Approximate Computing/mac_array_8x8' since last save.
Scanning sources...
Finished scanning sources
INFO: [IP_Flow 19-234] Refreshing IP repositories
INFO: [IP_Flow 19-1704] No user IP repositories specified
INFO: [IP_Flow 19-2313] Loaded Vivado IP repository 'C:/Xilinx/Vivado/2019.1/data/ip'.
open_project: Time (s): cpu = 00:00:18 ; elapsed = 00:00:08 . Memory (MB): peak = 845.047 ; gain = 152.297
update_compile_order -fileset sources_1
set_property SOURCE_SET sources_1 [get_filesets sim_1]
close [ open {C:/Users/yvvan/Documents/VSCLAB Research/Approximate Computing/mac_array_8x8/mac_array_8x8.srcs/sim_1/new/mac_array_8x8.v} w ]
add_files -fileset sim_1 {{C:/Users/yvvan/Documents/VSCLAB Research/Approximate Computing/mac_array_8x8/mac_array_8x8.srcs/sim_1/new/mac_array_8x8.v}}
update_compile_order -fileset sim_1
export_ip_user_files -of_objects  [get_files {{C:/Users/yvvan/Documents/VSCLAB Research/Approximate Computing/mac_array_8x8/mac_array_8x8.srcs/sim_1/new/mac_array_8x8.v}}] -no_script -reset -force -quiet
remove_files  -fileset sim_1 {{C:/Users/yvvan/Documents/VSCLAB Research/Approximate Computing/mac_array_8x8/mac_array_8x8.srcs/sim_1/new/mac_array_8x8.v}}
exit
INFO: [Common 17-206] Exiting Vivado at Mon May  2 05:27:20 2022...
