#-----------------------------------------------------------
# Vivado v2019.1 (64-bit)
# SW Build 2552052 on Fri May 24 14:49:42 MDT 2019
# IP Build 2548770 on Fri May 24 18:01:18 MDT 2019
# Start of session at: Mon May 23 20:29:30 2022
# Process ID: 15720
# Current directory: C:/Users/yvvan/Documents/VSCLAB Research/Approximate Computing/mac_array_8x8
# Command line: vivado.exe -gui_launcher_event rodinguilauncherevent2064 C:\Users\yvvan\Documents\VSCLAB Research\Approximate Computing\mac_array_8x8\mac_array_8x8.xpr
# Log file: C:/Users/yvvan/Documents/VSCLAB Research/Approximate Computing/mac_array_8x8/vivado.log
# Journal file: C:/Users/yvvan/Documents/VSCLAB Research/Approximate Computing/mac_array_8x8\vivado.jou
#-----------------------------------------------------------
start_gui
open_project {C:/Users/yvvan/Documents/VSCLAB Research/Approximate Computing/mac_array_8x8/mac_array_8x8.xpr}
Scanning sources...
Finished scanning sources
INFO: [IP_Flow 19-234] Refreshing IP repositories
INFO: [IP_Flow 19-1704] No user IP repositories specified
INFO: [IP_Flow 19-2313] Loaded Vivado IP repository 'C:/Xilinx/Vivado/2019.1/data/ip'.
open_project: Time (s): cpu = 00:00:34 ; elapsed = 00:00:16 . Memory (MB): peak = 809.320 ; gain = 170.617
update_compile_order -fileset sources_1
exit
INFO: [Common 17-206] Exiting Vivado at Fri May 27 17:53:38 2022...
